<?xml version="1.0" encoding="UTF-8"?>
<!-- Generated by org.testng.reporters.JUnitReportReporter -->
<testsuite skipped="0" hostname="DESKTOP-NMG6R38" name="DockerTest.SeleniumFirefox" tests="2" failures="0" timestamp="10 Aug 2021 02:06:06 GMT" time="20.003" errors="0">
  <testcase name="FirefoxTest" time="11.403" classname="DockerTest.SeleniumFirefox"/>
  <testcase name="FirefoxTestTwo" time="8.600" classname="DockerTest.SeleniumFirefox"/>
</testsuite> <!-- DockerTest.SeleniumFirefox -->
