<?xml version="1.0" encoding="UTF-8"?>
<!-- Generated by org.testng.reporters.JUnitReportReporter -->
<testsuite skipped="0" hostname="DESKTOP-NMG6R38" name="DockerTest.ChromeTest" tests="2" failures="0" timestamp="10 Aug 2021 02:06:06 GMT" time="6.462" errors="0">
  <testcase name="ChromeBrowserTestTwo" time="2.732" classname="DockerTest.ChromeTest"/>
  <testcase name="ChromeBrowserTest" time="3.730" classname="DockerTest.ChromeTest"/>
</testsuite> <!-- DockerTest.ChromeTest -->
