<?xml version="1.0" encoding="UTF-8"?>
<!-- Generated by org.testng.reporters.JUnitReportReporter -->
<testsuite skipped="0" hostname="DESKTOP-NMG6R38" name="dockertest.dockertestongwithDocker" tests="1" failures="0" timestamp="15 Jun 2021 14:27:56 GMT" time="23.867" errors="0">
  <testcase name="testingDocker" time="23.867" classname="dockertest.dockertestongwithDocker"/>
</testsuite> <!-- dockertest.dockertestongwithDocker -->
