<?xml version="1.0" encoding="UTF-8"?>
<!-- Generated by org.testng.reporters.JUnitReportReporter -->
<testsuite skipped="0" hostname="DESKTOP-NMG6R38" name="DockerTest.ChromeTest" tests="2" failures="0" timestamp="30 Aug 2021 05:58:13 GMT" time="9.065" errors="0">
  <testcase name="ChromeBrowserTestTwo" time="2.145" classname="DockerTest.ChromeTest"/>
  <testcase name="ChromeBrowserTest" time="6.920" classname="DockerTest.ChromeTest"/>
</testsuite> <!-- DockerTest.ChromeTest -->
