<?xml version="1.0" encoding="UTF-8"?>
<!-- Generated by org.testng.reporters.JUnitReportReporter -->
<testsuite skipped="0" hostname="DESKTOP-NMG6R38" name="DockerTest.SeleniumFirefox" tests="2" failures="0" timestamp="30 Aug 2021 05:58:13 GMT" time="18.274" errors="0">
  <testcase name="FirefoxTest" time="12.172" classname="DockerTest.SeleniumFirefox"/>
  <testcase name="FirefoxTestTwo" time="6.102" classname="DockerTest.SeleniumFirefox"/>
</testsuite> <!-- DockerTest.SeleniumFirefox -->
