<?xml version="1.0" encoding="UTF-8"?>
<!-- Generated by org.testng.reporters.JUnitReportReporter -->
<testsuite skipped="0" hostname="DESKTOP-NMG6R38" name="DockerTest.ParrallelExecution" tests="8" failures="0" timestamp="12 Aug 2021 15:31:23 GMT" time="53.032" errors="0">
  <testcase name="testSimple" time="9.403" classname="DockerTest.ParrallelExecution"/>
  <testcase name="testSimpleFour" time="3.175" classname="DockerTest.ParrallelExecution"/>
  <testcase name="testSimple" time="24.264" classname="DockerTest.ParrallelExecution"/>
  <testcase name="testSimpleTwo" time="2.511" classname="DockerTest.ParrallelExecution"/>
  <testcase name="testSimpleTwo" time="3.179" classname="DockerTest.ParrallelExecution"/>
  <testcase name="testSimpleFour" time="2.611" classname="DockerTest.ParrallelExecution"/>
  <testcase name="testSimpleThree" time="3.951" classname="DockerTest.ParrallelExecution"/>
  <testcase name="testSimpleThree" time="3.938" classname="DockerTest.ParrallelExecution"/>
</testsuite> <!-- DockerTest.ParrallelExecution -->
