<?xml version="1.0" encoding="UTF-8"?>
<!-- Generated by org.testng.reporters.JUnitReportReporter -->
<testsuite skipped="0" hostname="DESKTOP-NMG6R38" name="DockerTest.ParrallelExecution" tests="8" failures="0" timestamp="30 Aug 2021 07:01:19 GMT" time="30.718" errors="0">
  <testcase name="testSimpleTwo" time="2.319" classname="DockerTest.ParrallelExecution"/>
  <testcase name="testSimple" time="7.901" classname="DockerTest.ParrallelExecution"/>
  <testcase name="testSimpleThree" time="2.506" classname="DockerTest.ParrallelExecution"/>
  <testcase name="testSimple" time="8.917" classname="DockerTest.ParrallelExecution"/>
  <testcase name="testSimpleThree" time="2.148" classname="DockerTest.ParrallelExecution"/>
  <testcase name="testSimpleFour" time="2.088" classname="DockerTest.ParrallelExecution"/>
  <testcase name="testSimpleFour" time="2.243" classname="DockerTest.ParrallelExecution"/>
  <testcase name="testSimpleTwo" time="2.596" classname="DockerTest.ParrallelExecution"/>
</testsuite> <!-- DockerTest.ParrallelExecution -->
